<?xml version="1.0" encoding="UTF-8"?>
<!-- Generated by org.testng.reporters.JUnitReportReporter -->
<testsuite hostname="LAPTOP-J85V6VQ8" failures="0" tests="1" name="Test.loginTest$ZerodhaLogin" time="8.737" errors="0" timestamp="2022-04-28T23:19:03 IST" skipped="0">
  <testcase classname="Test.loginTest$ZerodhaLogin" name="testing1" time="8.737"/>
  <system-out/>
</testsuite> <!-- Test.loginTest$ZerodhaLogin -->
